[16/Feb/2023:07:50:55] (I): WordPress Instance Info:
[16/Feb/2023:07:50:55] (I): Home URL : https://www.maestracavallerizza.it
[16/Feb/2023:07:50:55] (I): Site URL : https://www.maestracavallerizza.it
[16/Feb/2023:07:50:55] (I): WordPress Version : 6.1.1
[16/Feb/2023:07:50:55] (I): Onboarding Version : 1.1.34
[16/Feb/2023:07:50:55] (I): Multisite : No
[16/Feb/2023:07:50:55] (I): Server Info : Apache
[16/Feb/2023:07:50:55] (I): PHP Version : 7.3.33
[16/Feb/2023:07:50:55] (I): HTTPS : Yes
[16/Feb/2023:07:50:55] (I): PHP Max Execution Time : 900
[16/Feb/2023:07:50:55] (I): PHP Max Input Vars : 1000
[16/Feb/2023:07:50:55] (I): Max Upload Size : 2097152
[16/Feb/2023:07:50:55] (I): Plugins:
[16/Feb/2023:07:50:55] (I): [PLUGIN] Akismet Anti-Spam : v5.0.2 (Automattic)
[16/Feb/2023:07:50:55] (I): [PLUGIN] CookieYes | GDPR Cookie Consent : v3.0.8 (CookieYes)
[16/Feb/2023:07:50:55] (I): [PLUGIN] Disable Gutenberg : v2.8.1 (Jeff Starr)
[16/Feb/2023:07:50:55] (I): [PLUGIN] Otter – Page Builder Blocks &amp; Extensions for Gutenberg : v2.2.2 (ThemeIsle)
[16/Feb/2023:07:50:55] (I): [PLUGIN] Really Simple SSL : v6.1.0 (Really Simple Plugins)
[16/Feb/2023:07:50:55] (I): [PLUGIN] Templates Patterns Collection : v1.1.34 (ThemeIsle)
[16/Feb/2023:07:50:55] (P): Saving remote XML
[16/Feb/2023:07:50:57] (S): Saved remote XML at path /web/htdocs/www.maestracavallerizza.it/home/wp-content/uploads/themeisle-demo-import.xml.
[16/Feb/2023:07:50:57] (P): Starting content import...
[16/Feb/2023:07:50:57] (S): Import started.
[16/Feb/2023:07:50:57] (S): Parsing XML file.
[16/Feb/2023:07:50:57] (P): Starting parsing file:/web/htdocs/www.maestracavallerizza.it/home/wp-content/uploads/themeisle-demo-import.xml
[16/Feb/2023:07:50:57] (P): Using WXR_Parser_SimpleXML...
[16/Feb/2023:07:50:57] (S): Parsed XML
[16/Feb/2023:07:50:57] (P): Processing categories...
[16/Feb/2023:07:50:58] (S): Processed categories.
[16/Feb/2023:07:50:58] (P): Processing tags...
[16/Feb/2023:07:50:58] (S): No tags to process.
[16/Feb/2023:07:50:58] (P): Processing terms...
[16/Feb/2023:07:50:58] (W): Failed to import tcb_symbols_tax Footers
[16/Feb/2023:07:50:58] (E): Tassonomia non valida.
[16/Feb/2023:07:50:58] (W): Failed to import tcb_symbols_tax Headers
[16/Feb/2023:07:50:58] (E): Tassonomia non valida.
[16/Feb/2023:07:50:58] (S): Processed terms.
[16/Feb/2023:07:50:58] (P): Processing posts...
[16/Feb/2023:07:50:58] (P): Processing attachment: https://api.themeisle.com/sites/web-agency-gb/wp-content/uploads/sites/422/2020/01/neve-webdesign-GB-01.png...
[16/Feb/2023:07:50:58] (P): Fetching attachment from url: https://api.themeisle.com/sites/web-agency-gb/wp-content/uploads/sites/422/2020/01/neve-webdesign-GB-01.png...
[16/Feb/2023:07:50:58] (S): Fetched remote attachment.
[16/Feb/2023:07:50:58] (P): Inserting attachment...
[16/Feb/2023:07:50:58] (S): Attachment inserted
[16/Feb/2023:07:50:58] (S): Processed attachment.
[16/Feb/2023:07:50:58] (P): Processing attachment: https://api.themeisle.com/sites/web-agency-gb/wp-content/uploads/sites/422/2020/01/neve-webdesign-GB-03.png...
[16/Feb/2023:07:50:58] (P): Fetching attachment from url: https://api.themeisle.com/sites/web-agency-gb/wp-content/uploads/sites/422/2020/01/neve-webdesign-GB-03.png...
[16/Feb/2023:07:50:58] (S): Fetched remote attachment.
[16/Feb/2023:07:50:58] (P): Inserting attachment...
[16/Feb/2023:07:50:58] (S): Attachment inserted
[16/Feb/2023:07:50:58] (S): Processed attachment.
[16/Feb/2023:07:50:58] (P): Processing attachment: https://api.themeisle.com/sites/web-agency-gb/wp-content/uploads/sites/422/2020/01/neve-webdesign-GB-04.png...
[16/Feb/2023:07:50:58] (P): Fetching attachment from url: https://api.themeisle.com/sites/web-agency-gb/wp-content/uploads/sites/422/2020/01/neve-webdesign-GB-04.png...
[16/Feb/2023:07:50:58] (S): Fetched remote attachment.
[16/Feb/2023:07:50:58] (P): Inserting attachment...
[16/Feb/2023:07:50:58] (S): Attachment inserted
[16/Feb/2023:07:50:58] (S): Processed attachment.
[16/Feb/2023:07:50:58] (P): Processing attachment: https://api.themeisle.com/sites/web-agency-gb/wp-content/uploads/sites/422/2020/01/neve-web-design-bg-08.jpg...
[16/Feb/2023:07:50:58] (P): Fetching attachment from url: https://api.themeisle.com/sites/web-agency-gb/wp-content/uploads/sites/422/2020/01/neve-web-design-bg-08.jpg...
[16/Feb/2023:07:50:58] (S): Fetched remote attachment.
[16/Feb/2023:07:50:58] (P): Inserting attachment...
[16/Feb/2023:07:50:58] (S): Attachment inserted
[16/Feb/2023:07:50:58] (S): Processed attachment.
[16/Feb/2023:07:50:58] (P): Processing attachment: https://api.themeisle.com/sites/web-agency-gb/wp-content/uploads/sites/422/2020/01/neve-web-design-bg-09.jpg...
[16/Feb/2023:07:50:58] (P): Fetching attachment from url: https://api.themeisle.com/sites/web-agency-gb/wp-content/uploads/sites/422/2020/01/neve-web-design-bg-09.jpg...
[16/Feb/2023:07:50:59] (S): Fetched remote attachment.
[16/Feb/2023:07:50:59] (P): Inserting attachment...
[16/Feb/2023:07:50:59] (S): Attachment inserted
[16/Feb/2023:07:50:59] (S): Processed attachment.
[16/Feb/2023:07:50:59] (P): Processing attachment: https://api.themeisle.com/sites/web-agency-gb/wp-content/uploads/sites/422/2020/01/neve-web-design-bg-10.jpg...
[16/Feb/2023:07:50:59] (P): Fetching attachment from url: https://api.themeisle.com/sites/web-agency-gb/wp-content/uploads/sites/422/2020/01/neve-web-design-bg-10.jpg...
[16/Feb/2023:07:50:59] (S): Fetched remote attachment.
[16/Feb/2023:07:50:59] (P): Inserting attachment...
[16/Feb/2023:07:50:59] (S): Attachment inserted
[16/Feb/2023:07:50:59] (S): Processed attachment.
[16/Feb/2023:07:50:59] (P): Processing attachment: https://api.themeisle.com/sites/web-agency-gb/wp-content/uploads/sites/422/2020/01/neve-web-design-bg-11.jpg...
[16/Feb/2023:07:50:59] (P): Fetching attachment from url: https://api.themeisle.com/sites/web-agency-gb/wp-content/uploads/sites/422/2020/01/neve-web-design-bg-11.jpg...
[16/Feb/2023:07:50:59] (S): Fetched remote attachment.
[16/Feb/2023:07:50:59] (P): Inserting attachment...
[16/Feb/2023:07:50:59] (S): Attachment inserted
[16/Feb/2023:07:50:59] (S): Processed attachment.
[16/Feb/2023:07:50:59] (P): Processing attachment: https://api.themeisle.com/sites/web-agency-gb/wp-content/uploads/sites/422/2020/01/neve-web-design-bg-12.jpg...
[16/Feb/2023:07:50:59] (P): Fetching attachment from url: https://api.themeisle.com/sites/web-agency-gb/wp-content/uploads/sites/422/2020/01/neve-web-design-bg-12.jpg...
[16/Feb/2023:07:50:59] (S): Fetched remote attachment.
[16/Feb/2023:07:50:59] (P): Inserting attachment...
[16/Feb/2023:07:51:00] (S): Attachment inserted
[16/Feb/2023:07:51:00] (S): Processed attachment.
[16/Feb/2023:07:51:00] (P): Processing attachment: https://api.themeisle.com/sites/web-agency-gb/wp-content/uploads/sites/422/2020/01/neve-web-design-bg-13.jpg...
[16/Feb/2023:07:51:00] (P): Fetching attachment from url: https://api.themeisle.com/sites/web-agency-gb/wp-content/uploads/sites/422/2020/01/neve-web-design-bg-13.jpg...
[16/Feb/2023:07:51:00] (S): Fetched remote attachment.
[16/Feb/2023:07:51:00] (P): Inserting attachment...
[16/Feb/2023:07:51:00] (S): Attachment inserted
[16/Feb/2023:07:51:00] (S): Processed attachment.
[16/Feb/2023:07:51:00] (P): Processing attachment: https://api.themeisle.com/sites/web-agency-gb/wp-content/uploads/sites/422/2020/01/neve-web-design-bg-14.jpg...
[16/Feb/2023:07:51:00] (P): Fetching attachment from url: https://api.themeisle.com/sites/web-agency-gb/wp-content/uploads/sites/422/2020/01/neve-web-design-bg-14.jpg...
[16/Feb/2023:07:51:00] (S): Fetched remote attachment.
[16/Feb/2023:07:51:00] (P): Inserting attachment...
[16/Feb/2023:07:51:00] (S): Attachment inserted
[16/Feb/2023:07:51:00] (S): Processed attachment.
[16/Feb/2023:07:51:00] (P): Processing attachment: https://api.themeisle.com/sites/web-agency-gb/wp-content/uploads/sites/422/2020/01/neve-web-design-bg-15.jpg...
[16/Feb/2023:07:51:00] (P): Fetching attachment from url: https://api.themeisle.com/sites/web-agency-gb/wp-content/uploads/sites/422/2020/01/neve-web-design-bg-15.jpg...
[16/Feb/2023:07:51:00] (S): Fetched remote attachment.
[16/Feb/2023:07:51:00] (P): Inserting attachment...
[16/Feb/2023:07:51:01] (S): Attachment inserted
[16/Feb/2023:07:51:01] (S): Processed attachment.
[16/Feb/2023:07:51:01] (P): Processing attachment: https://api.themeisle.com/sites/web-agency-gb/wp-content/uploads/sites/422/2020/06/cropped-web-agency-icon.png...
[16/Feb/2023:07:51:01] (P): Fetching attachment from url: https://api.themeisle.com/sites/web-agency-gb/wp-content/uploads/sites/422/2020/06/cropped-web-agency-icon.png...
[16/Feb/2023:07:51:01] (S): Fetched remote attachment.
[16/Feb/2023:07:51:01] (P): Inserting attachment...
[16/Feb/2023:07:51:01] (S): Attachment inserted
[16/Feb/2023:07:51:01] (S): Processed attachment.
[16/Feb/2023:07:51:01] (P): Processing attachment: https://api.themeisle.com/sites/web-agency-gb/wp-content/uploads/sites/422/2020/07/web-design-studio-01.jpg.jpg...
[16/Feb/2023:07:51:01] (P): Fetching attachment from url: https://api.themeisle.com/sites/web-agency-gb/wp-content/uploads/sites/422/2020/07/web-design-studio-01.jpg.jpg...
[16/Feb/2023:07:51:02] (S): Fetched remote attachment.
[16/Feb/2023:07:51:02] (P): Inserting attachment...
[16/Feb/2023:07:51:02] (S): Attachment inserted
[16/Feb/2023:07:51:02] (S): Processed attachment.
[16/Feb/2023:07:51:02] (P): Processing attachment: https://api.themeisle.com/sites/web-agency-gb/wp-content/uploads/sites/422/2020/12/web-agency-logo-3.png...
[16/Feb/2023:07:51:02] (P): Fetching attachment from url: https://api.themeisle.com/sites/web-agency-gb/wp-content/uploads/sites/422/2020/12/web-agency-logo-3.png...
[16/Feb/2023:07:51:02] (S): Fetched remote attachment.
[16/Feb/2023:07:51:02] (P): Inserting attachment...
[16/Feb/2023:07:51:02] (S): Attachment inserted
[16/Feb/2023:07:51:02] (S): Processed attachment.
[16/Feb/2023:07:51:02] (P): Processing attachment: https://api.themeisle.com/sites/web-agency-gb/wp-content/uploads/sites/422/2020/12/neve-web-design-studio-02.1.jpg...
[16/Feb/2023:07:51:02] (P): Fetching attachment from url: https://api.themeisle.com/sites/web-agency-gb/wp-content/uploads/sites/422/2020/12/neve-web-design-studio-02.1.jpg...
[16/Feb/2023:07:51:02] (S): Fetched remote attachment.
[16/Feb/2023:07:51:02] (P): Inserting attachment...
[16/Feb/2023:07:51:02] (S): Attachment inserted
[16/Feb/2023:07:51:02] (S): Processed attachment.
[16/Feb/2023:07:51:03] (P): Processing attachment: https://api.themeisle.com/sites/web-agency-gb/wp-content/uploads/sites/422/2020/12/neve-web-design-studio-03.1.jpg...
[16/Feb/2023:07:51:03] (P): Fetching attachment from url: https://api.themeisle.com/sites/web-agency-gb/wp-content/uploads/sites/422/2020/12/neve-web-design-studio-03.1.jpg...
[16/Feb/2023:07:51:03] (S): Fetched remote attachment.
[16/Feb/2023:07:51:03] (P): Inserting attachment...
[16/Feb/2023:07:51:03] (S): Attachment inserted
[16/Feb/2023:07:51:03] (S): Processed attachment.
[16/Feb/2023:07:51:03] (P): Processing attachment: https://api.themeisle.com/sites/web-agency-gb/wp-content/uploads/sites/422/2020/12/neve-web-design-studio-04.1.jpg...
[16/Feb/2023:07:51:03] (P): Fetching attachment from url: https://api.themeisle.com/sites/web-agency-gb/wp-content/uploads/sites/422/2020/12/neve-web-design-studio-04.1.jpg...
[16/Feb/2023:07:51:03] (S): Fetched remote attachment.
[16/Feb/2023:07:51:03] (P): Inserting attachment...
[16/Feb/2023:07:51:03] (S): Attachment inserted
[16/Feb/2023:07:51:03] (S): Processed attachment.
[16/Feb/2023:07:51:03] (P): Processing attachment: https://api.themeisle.com/sites/web-agency-gb/wp-content/uploads/sites/422/2020/12/neve-web-design-studio-07.1.png...
[16/Feb/2023:07:51:03] (P): Fetching attachment from url: https://api.themeisle.com/sites/web-agency-gb/wp-content/uploads/sites/422/2020/12/neve-web-design-studio-07.1.png...
[16/Feb/2023:07:51:04] (S): Fetched remote attachment.
[16/Feb/2023:07:51:04] (P): Inserting attachment...
[16/Feb/2023:07:51:04] (S): Attachment inserted
[16/Feb/2023:07:51:04] (S): Processed attachment.
[16/Feb/2023:07:51:04] (P): Processing attachment: https://api.themeisle.com/sites/web-agency-gb/wp-content/uploads/sites/422/2021/06/phone-sm.png...
[16/Feb/2023:07:51:04] (P): Fetching attachment from url: https://api.themeisle.com/sites/web-agency-gb/wp-content/uploads/sites/422/2021/06/phone-sm.png...
[16/Feb/2023:07:51:04] (S): Fetched remote attachment.
[16/Feb/2023:07:51:04] (P): Inserting attachment...
[16/Feb/2023:07:51:04] (S): Attachment inserted
[16/Feb/2023:07:51:04] (S): Processed attachment.
[16/Feb/2023:07:51:04] (P): Processing attachment: https://api.themeisle.com/sites/web-agency-gb/wp-content/uploads/sites/422/2021/06/location-sm.png...
[16/Feb/2023:07:51:04] (P): Fetching attachment from url: https://api.themeisle.com/sites/web-agency-gb/wp-content/uploads/sites/422/2021/06/location-sm.png...
[16/Feb/2023:07:51:05] (S): Fetched remote attachment.
[16/Feb/2023:07:51:05] (P): Inserting attachment...
[16/Feb/2023:07:51:05] (S): Attachment inserted
[16/Feb/2023:07:51:05] (S): Processed attachment.
[16/Feb/2023:07:51:05] (P): Inserting post: 5 UX Principles for Creating a Great Website .
[16/Feb/2023:07:51:05] (S): Done inserting post: 5 UX Principles for Creating a Great Website .
[16/Feb/2023:07:51:05] (P): Inserting page: News .
[16/Feb/2023:07:51:05] (S): Done inserting page: News .
[16/Feb/2023:07:51:05] (P): Inserting page: Home .
[16/Feb/2023:07:51:05] (S): Done inserting page: Home .
[16/Feb/2023:07:51:05] (P): Processing single menu item ' '...
[16/Feb/2023:07:51:05] (S): Processed single menu item.
[16/Feb/2023:07:51:05] (P): Processing single menu item ' '...
[16/Feb/2023:07:51:05] (S): Processed single menu item.
[16/Feb/2023:07:51:05] (P): Inserting post: Web Design Trends for 2022 .
[16/Feb/2023:07:51:05] (S): Done inserting post: Web Design Trends for 2022 .
[16/Feb/2023:07:51:05] (P): Inserting post: A Simple Guide to Design Thinking .
[16/Feb/2023:07:51:05] (S): Done inserting post: A Simple Guide to Design Thinking .
[16/Feb/2023:07:51:05] (P): Inserting page: About Us .
[16/Feb/2023:07:51:05] (S): Done inserting page: About Us .
[16/Feb/2023:07:51:06] (P): Processing single menu item ' '...
[16/Feb/2023:07:51:06] (S): Processed single menu item.
[16/Feb/2023:07:51:06] (P): Inserting page: Portfolio .
[16/Feb/2023:07:51:06] (S): Done inserting page: Portfolio .
[16/Feb/2023:07:51:06] (P): Inserting page: Portfolio Single .
[16/Feb/2023:07:51:06] (S): Done inserting page: Portfolio Single .
[16/Feb/2023:07:51:06] (P): Processing single menu item ' '...
[16/Feb/2023:07:51:06] (S): Processed single menu item.
[16/Feb/2023:07:51:06] (P): Processing single menu item ' '...
[16/Feb/2023:07:51:06] (S): Processed single menu item.
[16/Feb/2023:07:51:06] (P): Inserting page: Contact Us .
[16/Feb/2023:07:51:06] (S): Done inserting page: Contact Us .
[16/Feb/2023:07:51:06] (P): Processing single menu item ' '...
[16/Feb/2023:07:51:06] (S): Processed single menu item.
[16/Feb/2023:07:51:06] (P): Inserting custom_css: neve .
[16/Feb/2023:07:51:06] (S): Done inserting custom_css: neve .
[16/Feb/2023:07:51:06] (P): Processing attachment: https://api.themeisle.com/sites/web-agency-gb/wp-content/uploads/sites/422/2021/06/email-sm.png...
[16/Feb/2023:07:51:06] (P): Fetching attachment from url: https://api.themeisle.com/sites/web-agency-gb/wp-content/uploads/sites/422/2021/06/email-sm.png...
[16/Feb/2023:07:51:06] (S): Fetched remote attachment.
[16/Feb/2023:07:51:06] (P): Inserting attachment...
[16/Feb/2023:07:51:06] (S): Attachment inserted
[16/Feb/2023:07:51:06] (S): Processed attachment.
[16/Feb/2023:07:51:06] (P): Inserting post: Best Calligraphy Fonts for Logos .
[16/Feb/2023:07:51:06] (S): Done inserting post: Best Calligraphy Fonts for Logos .
[16/Feb/2023:07:51:06] (P): Inserting post: Knowing Your User. The importance of User Research. .
[16/Feb/2023:07:51:06] (S): Done inserting post: Knowing Your User. The importance of User Research. .
[16/Feb/2023:07:51:06] (P): Inserting post: What is the Progressive Web App (PWA) and how it works? .
[16/Feb/2023:07:51:06] (S): Done inserting post: What is the Progressive Web App (PWA) and how it works? .
[16/Feb/2023:07:51:06] (P): Inserting wp_block: 3 column section .
[16/Feb/2023:07:51:06] (S): Done inserting wp_block: 3 column section .
[16/Feb/2023:07:51:06] (P): Inserting wp_block: Team Social Icons .
[16/Feb/2023:07:51:06] (S): Done inserting wp_block: Team Social Icons .
[16/Feb/2023:07:51:06] (S): Processed posts.
[16/Feb/2023:07:51:07] (P): Cleaning up import with id ...
[16/Feb/2023:07:51:07] (P): Done cleanup. Flushing cache...
[16/Feb/2023:07:51:07] (P): Flushed cache. Removing temporary data..
[16/Feb/2023:07:51:07] (S): Done importing
[16/Feb/2023:07:51:07] (P): Busting elementor cache
[16/Feb/2023:07:51:07] (P): Busting woo cache
[16/Feb/2023:07:51:07] (S): Front page set up with id: 308.
